
> expo-template@1.0.0 web /app
> expo start --web

env: load .env
env: export EXPO_PUBLIC_APP_ID EXPO_PUBLIC_SUPABASE_ANON_KEY EXPO_PUBLIC_SUPABASE_URL
Starting project at /app
Using src/app as the root directory for Expo Router.
Starting Metro Bundler

The following packages should be updated for best compatibility with the installed expo version:
  @sentry/react-native@8.9.2 - expected version: ~7.11.0
  expo@55.0.6 - expected version: ~55.0.26
  expo-audio@55.0.6 - expected version: ~55.0.14
  expo-image@55.0.10 - expected version: ~55.0.11
  expo-router@55.0.5 - expected version: ~55.0.16
  react-native@0.83.2 - expected version: 0.83.6
  react-native-worklets@0.7.2 - expected version: 0.7.4
  babel-preset-expo@55.0.6 - expected version: ~55.0.8
Your project may not work correctly until you install the expected versions of the packages.
Waiting on http://localhost:8081
Logs for your project will appear below.
Web node_modules/.pnpm/expo-router@55.0.5_@expo+log-box@55.0.7_@expo+metro-runtime@55.0.11_@types+react@19.2.1_90de80e7a3fe7838ba338b7f0bb15601/node_modules/expo-router/entry.js ░░░░░░░░░░░░░░░░  0.0% (0/1)
Web node_modules/.pnpm/expo-router@55.0.5_@expo+log-box@55.0.7_@expo+metro-runtime@55.0.11_@types+react@19.2.1_90de80e7a3fe7838ba338b7f0bb15601/node_modules/expo-router/entry.js ▓▓▓▓▓▓▓▓▓▓░░░░░░ 67.8% (124/299)
Web node_modules/.pnpm/expo-router@55.0.5_@expo+log-box@55.0.7_@expo+metro-runtime@55.0.11_@types+react@19.2.1_90de80e7a3fe7838ba338b7f0bb15601/node_modules/expo-router/entry.js ▓▓▓▓▓▓▓▓▓▓░░░░░░ 67.8% (505/769)
Web node_modules/.pnpm/expo-router@55.0.5_@expo+log-box@55.0.7_@expo+metro-runtime@55.0.11_@types+react@19.2.1_90de80e7a3fe7838ba338b7f0bb15601/node_modules/expo-router/entry.js ▓▓▓▓▓▓▓▓▓▓░░░░░░ 67.8% ( 808/1032)
Web node_modules/.pnpm/expo-router@55.0.5_@expo+log-box@55.0.7_@expo+metro-runtime@55.0.11_@types+react@19.2.1_90de80e7a3fe7838ba338b7f0bb15601/node_modules/expo-router/entry.js ▓▓▓▓▓▓▓▓▓▓▓▓▓░░░ 82.3% (1231/1357)
Web Bundled 15989ms node_modules/.pnpm/expo-router@55.0.5_@expo+log-box@55.0.7_@expo+metro-runtime@55.0.11_@types+react@19.2.1_90de80e7a3fe7838ba338b7f0bb15601/node_modules/expo-router/entry.js (1510 modules)
 LOG  [web] Logs will appear in the browser console
